e:\mywork\oop\lab7\lab7\debug\lab7.pch
e:\mywork\oop\lab7\lab7\debug\vc140.pdb
e:\mywork\oop\lab7\lab7\debug\vc140.idb
e:\mywork\oop\lab7\lab7\debug\stdafx.obj
e:\mywork\oop\lab7\lab7\debug\set.obj
e:\mywork\oop\lab7\lab7\debug\lab7.obj
e:\mywork\oop\lab7\lab7\debug\setd.obj
e:\mywork\oop\lab7\debug\lab7.pdb
e:\mywork\oop\lab7\lab7\debug\lab7.tlog\cl.command.1.tlog
e:\mywork\oop\lab7\lab7\debug\lab7.tlog\cl.read.1.tlog
e:\mywork\oop\lab7\lab7\debug\lab7.tlog\cl.write.1.tlog
e:\mywork\oop\lab7\lab7\debug\lab7.tlog\link-cvtres.read.1.tlog
e:\mywork\oop\lab7\lab7\debug\lab7.tlog\link-cvtres.write.1.tlog
e:\mywork\oop\lab7\lab7\debug\lab7.tlog\link-rc.read.1.tlog
e:\mywork\oop\lab7\lab7\debug\lab7.tlog\link-rc.write.1.tlog
e:\mywork\oop\lab7\lab7\debug\lab7.tlog\link.24524-cvtres.read.1.tlog
e:\mywork\oop\lab7\lab7\debug\lab7.tlog\link.24524-cvtres.write.1.tlog
e:\mywork\oop\lab7\lab7\debug\lab7.tlog\link.24524-rc.read.1.tlog
e:\mywork\oop\lab7\lab7\debug\lab7.tlog\link.24524-rc.write.1.tlog
e:\mywork\oop\lab7\lab7\debug\lab7.tlog\link.24524.read.1.tlog
e:\mywork\oop\lab7\lab7\debug\lab7.tlog\link.24524.write.1.tlog
e:\mywork\oop\lab7\lab7\debug\lab7.tlog\link.command.1.tlog
e:\mywork\oop\lab7\lab7\debug\lab7.tlog\link.read.1.tlog
e:\mywork\oop\lab7\lab7\debug\lab7.tlog\link.write.1.tlog
